<?xml version="1.0" encoding="UTF-8"?>
<!-- Generated by org.testng.reporters.JUnitXMLReporter -->
<testsuite hostname="Sheriffs-MacBook-Air.local" ignored="0" name="EcommerceTest" tests="4" failures="2" timestamp="18 Feb 2018 21:53:56 GMT" time="71.898" errors="0">
  <testcase name="raiseOrderTest" time="28.161" classname="com.bjss.tests.EcommerceTest"/>
  <testcase name="reviewOrderTest" time="7.412" classname="com.bjss.tests.EcommerceTest"/>
  <testcase name="captureFailureTest" time="5.411" classname="com.bjss.tests.EcommerceTest">
    <failure type="java.lang.AssertionError" message="expected [Beige] but found [Maroon]">
      <![CDATA[java.lang.AssertionError: expected [Beige] but found [Maroon]
at com.bjss.tests.EcommerceTest.captureFailureTest(EcommerceTest.java:135)
... Removed 31 stack frames]]>
    </failure>
  </testcase> <!-- captureFailureTest -->
  <testcase name="captureFailureTest" time="5.432" classname="com.bjss.tests.EcommerceTest">
    <failure type="java.lang.AssertionError" message="Some Exception Occurred ..... Please check the error messages.">
      <![CDATA[java.lang.AssertionError: Some Exception Occurred ..... Please check the error messages.
at com.bjss.support.TestListener.printStackTrace(TestListener.java:115)
at com.bjss.support.TestListener.onTestFailure(TestListener.java:30)
... Removed 23 stack frames]]>
    </failure>
  </testcase> <!-- captureFailureTest -->
</testsuite> <!-- EcommerceTest -->
